\BOOKMARK [1][-]{section.1}{A gentle introduction to credit risk}{}% 1
\BOOKMARK [2][-]{subsection.1.1}{}{section.1}% 2
\BOOKMARK [3][-]{subsubsection.1.1.1}{Credit risk}{subsection.1.1}% 3
\BOOKMARK [3][-]{subsubsection.1.1.2}{CCR - Counterparty Credit Risk}{subsection.1.1}% 4
\BOOKMARK [1][-]{section.2}{Basel Regulatory Framework}{}% 5
\BOOKMARK [2][-]{subsection.2.1}{Introduction}{section.2}% 6
\BOOKMARK [2][-]{subsection.2.2}{Reasons for a more comprehensive framework to credit risk management}{section.2}% 7
\BOOKMARK [2][-]{subsection.2.3}{Reasons for an independent Committee}{section.2}% 8
\BOOKMARK [2][-]{subsection.2.4}{Basel Frameworks}{section.2}% 9
\BOOKMARK [3][-]{subsubsection.2.4.1}{}{subsection.2.4}% 10
\BOOKMARK [3][-]{subsubsection.2.4.2}{}{subsection.2.4}% 11
\BOOKMARK [3][-]{subsubsection.2.4.3}{}{subsection.2.4}% 12
\BOOKMARK [1][-]{section.3}{Credit Risk - Empirical Analysis}{}% 13
\BOOKMARK [2][-]{subsection.3.1}{}{section.3}% 14
\BOOKMARK [3][-]{subsubsection.3.1.1}{Introduction}{subsection.3.1}% 15
\BOOKMARK [3][-]{subsubsection.3.1.2}{Expected Loss}{subsection.3.1}% 16
\BOOKMARK [3][-]{subsubsection.3.1.3}{Unexpected Loss}{subsection.3.1}% 17
\BOOKMARK [3][-]{subsubsection.3.1.4}{Probability of Default}{subsection.3.1}% 18
\BOOKMARK [2][-]{subsection.3.2}{}{section.3}% 19
\BOOKMARK [2][-]{subsection.3.3}{Univariate analysis: a first glance at the data}{section.3}% 20
\BOOKMARK [3][-]{subsubsection.3.3.1}{Loan affordability}{subsection.3.3}% 21
\BOOKMARK [2][-]{subsection.3.4}{A combined analysis: between bivariate and multivariate analysis}{section.3}% 22
\BOOKMARK [3][-]{subsubsection.3.4.1}{The correlation matrix}{subsection.3.4}% 23
\BOOKMARK [3][-]{subsubsection.3.4.2}{What does a counterparty's defaulting history can tell?}{subsection.3.4}% 24
\BOOKMARK [3][-]{subsubsection.3.4.3}{PD Calibration: average interest rate for each rating?}{subsection.3.4}% 25
\BOOKMARK [3][-]{subsubsection.3.4.4}{A closer look at mortgaged and renting counterparties}{subsection.3.4}% 26
\BOOKMARK [3][-]{subsubsection.3.4.5}{Do age differences impact the probability of default}{subsection.3.4}% 27
\BOOKMARK [2][-]{subsection.3.5}{}{section.3}% 28
\BOOKMARK [3][-]{subsubsection.3.5.1}{Feature engineering}{subsection.3.5}% 29
\BOOKMARK [3][-]{subsubsection.3.5.2}{Feature dropping}{subsection.3.5}% 30
\BOOKMARK [3][-]{subsubsection.3.5.3}{Handling categorical features}{subsection.3.5}% 31
\BOOKMARK [3][-]{subsubsection.3.5.4}{Dealing with unbalancedness}{subsection.3.5}% 32
\BOOKMARK [3][-]{subsubsection.3.5.5}{Features selection}{subsection.3.5}% 33
\BOOKMARK [3][-]{subsubsection.3.5.6}{Protect against multicollinearity issues}{subsection.3.5}% 34
\BOOKMARK [2][-]{subsection.3.6}{Modelling}{section.3}% 35
\BOOKMARK [3][-]{subsubsection.3.6.1}{Model \(1\): Logistic Regression}{subsection.3.6}% 36
\BOOKMARK [3][-]{subsubsection.3.6.2}{Model \(2\): Gradient Boosting Classifier}{subsection.3.6}% 37
\BOOKMARK [3][-]{subsubsection.3.6.3}{Best model}{subsection.3.6}% 38
\BOOKMARK [3][-]{subsubsection.3.6.4}{Improvements over the baseline model}{subsection.3.6}% 39
